Using pre-set license
Built from '2020.3/staging' branch; Version is '2020.3.17f1 (a4537701e4ab) revision 10769271'; Using compiler version '192528614'; Build Type 'Release'
OS: 'Windows 10 Education; OS build 17763.1817; Version 1809; 64bit' Language: 'en' Physical Memory: 16203 MB
BatchMode: 1, IsHumanControllingUs: 0, StartBugReporterOnCrash: 0, Is64bit: 1, IsPro: 0

COMMAND LINE ARGUMENTS:
C:\Program Files\Unity\Hub\Editor\2020.3.17f1\Editor\Unity.exe
-adb2
-batchMode
-noUpm
-name
AssetImportWorker0
-projectPath
C:/Unity Project/Unity Learning
-logFile
Logs/AssetImportWorker0.log
-srvPort
57588
Successfully changed project path to: C:/Unity Project/Unity Learning
C:/Unity Project/Unity Learning
Using Asset Import Pipeline V2.
Refreshing native plugins compatible for Editor in 30.61 ms, found 2 plugins.
Preloading 0 native plugins for Editor in 0.00 ms.
Initialize engine version: 2020.3.17f1 (a4537701e4ab)
[Subsystems] Discovering subsystems at path C:/Program Files/Unity/Hub/Editor/2020.3.17f1/Editor/Data/Resources/UnitySubsystems
[Subsystems] Discovering subsystems at path C:/Unity Project/Unity Learning/Assets
GfxDevice: creating device client; threaded=0
Direct3D:
    Version:  Direct3D 11.0 [level 11.1]
    Renderer: NVIDIA GeForce RTX 2080 (ID=0x1e87)
    Vendor:   
    VRAM:     8010 MB
    Driver:   27.21.14.5167
Initialize mono
Mono path[0] = 'C:/Program Files/Unity/Hub/Editor/2020.3.17f1/Editor/Data/Managed'
Mono path[1] = 'C:/Program Files/Unity/Hub/Editor/2020.3.17f1/Editor/Data/MonoBleedingEdge/lib/mono/unityjit'
Mono config path = 'C:/Program Files/Unity/Hub/Editor/2020.3.17f1/Editor/Data/MonoBleedingEdge/etc'
Using monoOptions --debugger-agent=transport=dt_socket,embedding=1,server=y,suspend=n,address=127.0.0.1:56124
Begin MonoManager ReloadAssembly
Registering precompiled unity dll's ...
Register platform support module: C:/Program Files/Unity/Hub/Editor/2020.3.17f1/Editor/Data/PlaybackEngines/WebGLSupport/UnityEditor.WebGL.Extensions.dll
Register platform support module: C:/Program Files/Unity/Hub/Editor/2020.3.17f1/Editor/Data/PlaybackEngines/WindowsStandaloneSupport/UnityEditor.WindowsStandalone.Extensions.dll
Registered in 0.002887 seconds.
Native extension for WindowsStandalone target not found
Native extension for WebGL target not found
Refreshing native plugins compatible for Editor in 26.58 ms, found 2 plugins.
Preloading 0 native plugins for Editor in 0.00 ms.
Mono: successfully reloaded assembly
- Completed reload, in  1.317 seconds
Domain Reload Profiling:
	ReloadAssembly (1317ms)
		BeginReloadAssembly (53ms)
			ExecutionOrderSort (0ms)
			DisableScriptedObjects (0ms)
			BackupInstance (0ms)
			ReleaseScriptingObjects (0ms)
			CreateAndSetChildDomain (1ms)
		EndReloadAssembly (364ms)
			LoadAssemblies (51ms)
			RebuildTransferFunctionScriptingTraits (0ms)
			SetupTypeCache (133ms)
			ReleaseScriptCaches (0ms)
			RebuildScriptCaches (26ms)
			SetupLoadedEditorAssemblies (139ms)
				LogAssemblyErrors (0ms)
				InitializePlatformSupportModulesInManaged (4ms)
				SetLoadedEditorAssemblies (0ms)
				RefreshPlugins (27ms)
				BeforeProcessingInitializeOnLoad (12ms)
				ProcessInitializeOnLoadAttributes (72ms)
				ProcessInitializeOnLoadMethodAttributes (24ms)
				AfterProcessingInitializeOnLoad (0ms)
				EditorAssembliesLoaded (0ms)
			ExecutionOrderSort2 (0ms)
			AwakeInstancesAfterBackupRestoration (0ms)
Platform modules already initialized, skipping
Registering precompiled user dll's ...
Registered in 0.008195 seconds.
Begin MonoManager ReloadAssembly
Native extension for WindowsStandalone target not found
Native extension for WebGL target not found
Refreshing native plugins compatible for Editor in 0.29 ms, found 2 plugins.
Preloading 0 native plugins for Editor in 0.00 ms.
Mono: successfully reloaded assembly
- Completed reload, in  0.936 seconds
Domain Reload Profiling:
	ReloadAssembly (936ms)
		BeginReloadAssembly (130ms)
			ExecutionOrderSort (0ms)
			DisableScriptedObjects (4ms)
			BackupInstance (0ms)
			ReleaseScriptingObjects (0ms)
			CreateAndSetChildDomain (16ms)
		EndReloadAssembly (753ms)
			LoadAssemblies (81ms)
			RebuildTransferFunctionScriptingTraits (0ms)
			SetupTypeCache (234ms)
			ReleaseScriptCaches (0ms)
			RebuildScriptCaches (35ms)
			SetupLoadedEditorAssemblies (329ms)
				LogAssemblyErrors (0ms)
				InitializePlatformSupportModulesInManaged (6ms)
				SetLoadedEditorAssemblies (0ms)
				RefreshPlugins (0ms)
				BeforeProcessingInitializeOnLoad (77ms)
				ProcessInitializeOnLoadAttributes (236ms)
				ProcessInitializeOnLoadMethodAttributes (3ms)
				AfterProcessingInitializeOnLoad (5ms)
				EditorAssembliesLoaded (0ms)
			ExecutionOrderSort2 (0ms)
			AwakeInstancesAfterBackupRestoration (6ms)
Platform modules already initialized, skipping
========================================================================
Worker process is ready to serve import requests
Launched and connected shader compiler UnityShaderCompiler.exe after 0.07 seconds
Refreshing native plugins compatible for Editor in 0.28 ms, found 2 plugins.
Preloading 0 native plugins for Editor in 0.00 ms.
Unloading 1412 Unused Serialized files (Serialized files now loaded: 0)
System memory in use before: 83.6 MB.
System memory in use after: 83.7 MB.

Unloading 18 unused Assets to reduce memory usage. Loaded Objects now: 1869.
Total: 2.663000 ms (FindLiveObjects: 0.124900 ms CreateObjectMapping: 0.041300 ms MarkObjects: 2.424700 ms  DeleteObjects: 0.070900 ms)

AssetImportParameters requested are different than current active one (requested -> active):
  custom:framework-win-MediaFoundation: 216162199b28c13a410421893ffa2e32 -> 
  custom:video-decoder-ogg-theora: a1e56fd34408186e4bbccfd4996cb3dc -> 
  custom:container-muxer-webm: aa71ff27fc2769a1b78a27578f13a17b -> 
  custom:container-demuxer-webm: 4f35f7cbe854078d1ac9338744f61a02 -> 
  custom:container-demuxer-ogg: 62fdf1f143b41e24485cea50d1cbac27 -> 
  custom:video-encoder-webm-vp8: eb34c28f22e8b96e1ab97ce403110664 -> 
  custom:video-decoder-webm-vp8: 9c59270c3fd7afecdb556c50c9e8de78 -> 
  custom:audio-decoder-ogg-vorbis: bf7c407c2cedff20999df2af8eb42d56 -> 
  custom:audio-encoder-webm-vorbis: bf7c407c2cedff20999df2af8eb42d56 -> 
========================================================================
Received Import Request.
  path: Assets/Scenes/Hour 5/Hour5.unity
  artifactKey: Guid(dabb98f3e7a915140838c124f06abe79) Importer(815301076,1909f56bfc062723c751e8b465ee728b)
Start importing Assets/Scenes/Hour 5/Hour5.unity using Guid(dabb98f3e7a915140838c124f06abe79) Importer(815301076,1909f56bfc062723c751e8b465ee728b)  -> (artifact id: 'aa729e6ee6ef3f844456f90900ae31b2') in 0.011465 seconds 
  Import took 0.013497 seconds .

========================================================================
Received Import Request.
  Time since last request: 0.000364 seconds.
  path: Assets/Scenes/Hour 5/Multiple Camera.unity
  artifactKey: Guid(4b7f3c2e37d99db4fb6637cdc7c533de) Importer(815301076,1909f56bfc062723c751e8b465ee728b)
Start importing Assets/Scenes/Hour 5/Multiple Camera.unity using Guid(4b7f3c2e37d99db4fb6637cdc7c533de) Importer(815301076,1909f56bfc062723c751e8b465ee728b)  -> (artifact id: 'f119466f7facba41c44f2fc49b8f96c1') in 0.002926 seconds 
  Import took 0.004894 seconds .

========================================================================
Received Import Request.
  Time since last request: 0.193197 seconds.
  path: Assets/Scenes/Hour 5/Biohazard.unity
  artifactKey: Guid(32863401471ed334dba01de35531ede0) Importer(815301076,1909f56bfc062723c751e8b465ee728b)
Start importing Assets/Scenes/Hour 5/Biohazard.unity using Guid(32863401471ed334dba01de35531ede0) Importer(815301076,1909f56bfc062723c751e8b465ee728b)  -> (artifact id: 'c443d0f0bce6d9a7ba977dabe22495d4') in 0.003307 seconds 
  Import took 0.005546 seconds .

========================================================================
Received Import Request.
  Time since last request: 0.000821 seconds.
  path: Assets/Scenes/Hour 5/Biohazard.unity
  artifactKey: Guid(32863401471ed334dba01de35531ede0) Importer(815301076,1909f56bfc062723c751e8b465ee728b)
Start importing Assets/Scenes/Hour 5/Biohazard.unity using Guid(32863401471ed334dba01de35531ede0) Importer(815301076,1909f56bfc062723c751e8b465ee728b)  -> (artifact id: 'c443d0f0bce6d9a7ba977dabe22495d4') in 0.002668 seconds 
  Import took 0.004762 seconds .

========================================================================
Received Import Request.
  Time since last request: 22.091379 seconds.
  path: Assets/Scenes/Hour.unity
  artifactKey: Guid(823bed26b4415f54e950f08bdf03d0b8) Importer(815301076,1909f56bfc062723c751e8b465ee728b)
Start importing Assets/Scenes/Hour.unity using Guid(823bed26b4415f54e950f08bdf03d0b8) Importer(815301076,1909f56bfc062723c751e8b465ee728b)  -> (artifact id: 'c6ff5a76a09788f57ee574d96369a086') in 0.003285 seconds 
  Import took 0.005529 seconds .

========================================================================
Received Import Request.
  Time since last request: 16.210726 seconds.
  path: Assets/Scenes/Hour 11 - Prefab.unity
  artifactKey: Guid(823bed26b4415f54e950f08bdf03d0b8) Importer(815301076,1909f56bfc062723c751e8b465ee728b)
Start importing Assets/Scenes/Hour 11 - Prefab.unity using Guid(823bed26b4415f54e950f08bdf03d0b8) Importer(815301076,1909f56bfc062723c751e8b465ee728b)  -> (artifact id: 'e48d73741319c1cec397691f98976c60') in 0.002929 seconds 
  Import took 0.005377 seconds .

========================================================================
Received Import Request.
  Time since last request: 170.207470 seconds.
  path: Assets/prefabs
  artifactKey: Guid(bef0e684797660140b9cf7af1727775e) Importer(815301076,1909f56bfc062723c751e8b465ee728b)
Start importing Assets/prefabs using Guid(bef0e684797660140b9cf7af1727775e) Importer(815301076,1909f56bfc062723c751e8b465ee728b)  -> (artifact id: 'f8ee1c23fe2aefe82a1038415829ccb5') in 0.003163 seconds 
  Import took 0.005633 seconds .

========================================================================
Received Import Request.
  Time since last request: 5.083000 seconds.
  path: Assets/Prefabs
  artifactKey: Guid(bef0e684797660140b9cf7af1727775e) Importer(815301076,1909f56bfc062723c751e8b465ee728b)
Start importing Assets/Prefabs using Guid(bef0e684797660140b9cf7af1727775e) Importer(815301076,1909f56bfc062723c751e8b465ee728b)  -> (artifact id: '874bfe33657ed4bd0e945bdf854e5f0c') in 0.003634 seconds 
  Import took 0.005770 seconds .

========================================================================
Received Import Request.
  Time since last request: 9.761223 seconds.
  path: Assets/Prefabs/Lamp.prefab
  artifactKey: Guid(b9330f1d4e380bc4498ccc622c7f3806) Importer(815301076,1909f56bfc062723c751e8b465ee728b)
Start importing Assets/Prefabs/Lamp.prefab using Guid(b9330f1d4e380bc4498ccc622c7f3806) Importer(815301076,1909f56bfc062723c751e8b465ee728b)  -> (artifact id: 'ae8b793f401b75b78668f9f9df831474') in 0.094744 seconds 
  Import took 0.097042 seconds .

========================================================================
Received Import Request.
  Time since last request: 678.746575 seconds.
  path: Packages/com.unity.test-framework
  artifactKey: Guid(6023f2b823fc19b4e4a90875281ff117) Importer(815301076,1909f56bfc062723c751e8b465ee728b)
Start importing Packages/com.unity.test-framework using Guid(6023f2b823fc19b4e4a90875281ff117) Importer(815301076,1909f56bfc062723c751e8b465ee728b)  -> (artifact id: '7b3fecfc8d873fe96244889d860a7252') in 0.003222 seconds 
  Import took 0.005898 seconds .

========================================================================
Received Import Request.
  Time since last request: 1.056499 seconds.
  path: Packages/com.unity.ext.nunit
  artifactKey: Guid(25a477c2f24db8778a4179421a32cc21) Importer(815301076,1909f56bfc062723c751e8b465ee728b)
Start importing Packages/com.unity.ext.nunit using Guid(25a477c2f24db8778a4179421a32cc21) Importer(815301076,1909f56bfc062723c751e8b465ee728b)  -> (artifact id: 'de8b3f671dc9f0a57b867a67d4aae8de') in 0.003266 seconds 
  Import took 0.005513 seconds .

========================================================================
Received Import Request.
  Time since last request: 0.000455 seconds.
  path: Packages/com.unity.ext.nunit
  artifactKey: Guid(25a477c2f24db8778a4179421a32cc21) Importer(815301076,1909f56bfc062723c751e8b465ee728b)
Start importing Packages/com.unity.ext.nunit using Guid(25a477c2f24db8778a4179421a32cc21) Importer(815301076,1909f56bfc062723c751e8b465ee728b)  -> (artifact id: 'de8b3f671dc9f0a57b867a67d4aae8de') in 0.002498 seconds 
  Import took 0.004624 seconds .

========================================================================
Received Import Request.
  Time since last request: 1.205165 seconds.
  path: Packages/com.unity.ide.visualstudio
  artifactKey: Guid(9db636ca49aa246019dd93b7c8b689f4) Importer(815301076,1909f56bfc062723c751e8b465ee728b)
Start importing Packages/com.unity.ide.visualstudio using Guid(9db636ca49aa246019dd93b7c8b689f4) Importer(815301076,1909f56bfc062723c751e8b465ee728b)  -> (artifact id: '97ec95a5506f2bdeeee79941468489e5') in 0.003055 seconds 
  Import took 0.005333 seconds .

========================================================================
Received Import Request.
  Time since last request: 0.000913 seconds.
  path: Packages/com.unity.ide.visualstudio
  artifactKey: Guid(9db636ca49aa246019dd93b7c8b689f4) Importer(815301076,1909f56bfc062723c751e8b465ee728b)
Start importing Packages/com.unity.ide.visualstudio using Guid(9db636ca49aa246019dd93b7c8b689f4) Importer(815301076,1909f56bfc062723c751e8b465ee728b)  -> (artifact id: '97ec95a5506f2bdeeee79941468489e5') in 0.002342 seconds 
  Import took 0.004455 seconds .

========================================================================
Received Import Request.
  Time since last request: 0.054503 seconds.
  path: Packages/com.unity.ide.visualstudio/package.json
  artifactKey: Guid(656f74f6edaa396458412b9e3903d8cd) Importer(815301076,1909f56bfc062723c751e8b465ee728b)
Start importing Packages/com.unity.ide.visualstudio/package.json using Guid(656f74f6edaa396458412b9e3903d8cd) Importer(815301076,1909f56bfc062723c751e8b465ee728b)  -> (artifact id: 'd46db23716272956467c90831c6c24d6') in 0.013852 seconds 
  Import took 0.016025 seconds .

========================================================================
Received Import Request.
  Time since last request: 2.198720 seconds.
  path: Packages/com.unity.ugui
  artifactKey: Guid(8f7652e09069a1943278893d4264401e) Importer(815301076,1909f56bfc062723c751e8b465ee728b)
Start importing Packages/com.unity.ugui using Guid(8f7652e09069a1943278893d4264401e) Importer(815301076,1909f56bfc062723c751e8b465ee728b)  -> (artifact id: '9be8eef517426cf4e5d1ef023f0f7cab') in 0.003586 seconds 
  Import took 0.005937 seconds .

========================================================================
Received Import Request.
  Time since last request: 0.076419 seconds.
  path: Packages/com.unity.ugui/package.json
  artifactKey: Guid(319b8889f363f5947acf209c17a94149) Importer(815301076,1909f56bfc062723c751e8b465ee728b)
Start importing Packages/com.unity.ugui/package.json using Guid(319b8889f363f5947acf209c17a94149) Importer(815301076,1909f56bfc062723c751e8b465ee728b)  -> (artifact id: '39d1f12f0f4420a8b9dea50868bbb5d0') in 0.002783 seconds 
  Import took 0.004900 seconds .

========================================================================
Received Import Request.
  Time since last request: 2.181654 seconds.
  path: Packages/com.unity.ide.rider
  artifactKey: Guid(ea5aa18a49e4f29d74984ea0ea11a238) Importer(815301076,1909f56bfc062723c751e8b465ee728b)
Start importing Packages/com.unity.ide.rider using Guid(ea5aa18a49e4f29d74984ea0ea11a238) Importer(815301076,1909f56bfc062723c751e8b465ee728b)  -> (artifact id: '38d02623396ab86594f3405d33b9714f') in 0.003109 seconds 
  Import took 0.005323 seconds .

========================================================================
Received Import Request.
  Time since last request: 0.000964 seconds.
  path: Packages/com.unity.ide.rider
  artifactKey: Guid(ea5aa18a49e4f29d74984ea0ea11a238) Importer(815301076,1909f56bfc062723c751e8b465ee728b)
Start importing Packages/com.unity.ide.rider using Guid(ea5aa18a49e4f29d74984ea0ea11a238) Importer(815301076,1909f56bfc062723c751e8b465ee728b)  -> (artifact id: '38d02623396ab86594f3405d33b9714f') in 0.002335 seconds 
  Import took 0.004506 seconds .

========================================================================
Received Import Request.
  Time since last request: 0.610326 seconds.
  path: Packages/com.unity.ide.rider/package.json
  artifactKey: Guid(66c95bb3c74257f41bae2622511dc02d) Importer(815301076,1909f56bfc062723c751e8b465ee728b)
Start importing Packages/com.unity.ide.rider/package.json using Guid(66c95bb3c74257f41bae2622511dc02d) Importer(815301076,1909f56bfc062723c751e8b465ee728b)  -> (artifact id: 'ff96f7b61e94a0dc9b975679be81ead9') in 0.002858 seconds 
  Import took 0.005019 seconds .

========================================================================
Received Import Request.
  Time since last request: 0.669315 seconds.
  path: Packages/com.unity.ide.rider/Rider
  artifactKey: Guid(9129183a42052cd43b9c284d6dbd541e) Importer(815301076,1909f56bfc062723c751e8b465ee728b)
Start importing Packages/com.unity.ide.rider/Rider using Guid(9129183a42052cd43b9c284d6dbd541e) Importer(815301076,1909f56bfc062723c751e8b465ee728b)  -> (artifact id: 'b0ed37780721ec38efc2f48758039c53') in 0.002881 seconds 
  Import took 0.005143 seconds .

========================================================================
Received Import Request.
  Time since last request: 0.001034 seconds.
  path: Packages/com.unity.ide.rider/Rider
  artifactKey: Guid(9129183a42052cd43b9c284d6dbd541e) Importer(815301076,1909f56bfc062723c751e8b465ee728b)
Start importing Packages/com.unity.ide.rider/Rider using Guid(9129183a42052cd43b9c284d6dbd541e) Importer(815301076,1909f56bfc062723c751e8b465ee728b)  -> (artifact id: 'b0ed37780721ec38efc2f48758039c53') in 0.002402 seconds 
  Import took 0.004580 seconds .

========================================================================
Received Import Request.
  Time since last request: 0.780881 seconds.
  path: Packages/com.unity.ide.rider/Rider/Editor
  artifactKey: Guid(1b393f6b29a9ee84c803af1ab4944b71) Importer(815301076,1909f56bfc062723c751e8b465ee728b)
Start importing Packages/com.unity.ide.rider/Rider/Editor using Guid(1b393f6b29a9ee84c803af1ab4944b71) Importer(815301076,1909f56bfc062723c751e8b465ee728b)  -> (artifact id: '5087f28a9cfe42a2c05db11df8e1e020') in 0.003095 seconds 
  Import took 0.005323 seconds .

========================================================================
Received Import Request.
  Time since last request: 0.000586 seconds.
  path: Packages/com.unity.ide.rider/Rider/Editor
  artifactKey: Guid(1b393f6b29a9ee84c803af1ab4944b71) Importer(815301076,1909f56bfc062723c751e8b465ee728b)
Start importing Packages/com.unity.ide.rider/Rider/Editor using Guid(1b393f6b29a9ee84c803af1ab4944b71) Importer(815301076,1909f56bfc062723c751e8b465ee728b)  -> (artifact id: '5087f28a9cfe42a2c05db11df8e1e020') in 0.002364 seconds 
  Import took 0.004497 seconds .

========================================================================
Received Import Request.
  Time since last request: 0.068028 seconds.
  path: Packages/com.unity.ide.rider/Rider/Editor/com.unity.ide.rider.asmdef
  artifactKey: Guid(d528c8c98d269ca44a06cd9624a03945) Importer(815301076,1909f56bfc062723c751e8b465ee728b)
Start importing Packages/com.unity.ide.rider/Rider/Editor/com.unity.ide.rider.asmdef using Guid(d528c8c98d269ca44a06cd9624a03945) Importer(815301076,1909f56bfc062723c751e8b465ee728b)  -> (artifact id: '66e1e44df00fa750fc3b002d47a42d5f') in 0.004293 seconds 
  Import took 0.006484 seconds .

========================================================================
Received Import Request.
  Time since last request: 1.616966 seconds.
  path: Packages/com.unity.ide.rider/Rider/Editor/EditorPluginInterop.cs
  artifactKey: Guid(f9bd02a3a916be64c9b47b1305149423) Importer(815301076,1909f56bfc062723c751e8b465ee728b)
Start importing Packages/com.unity.ide.rider/Rider/Editor/EditorPluginInterop.cs using Guid(f9bd02a3a916be64c9b47b1305149423) Importer(815301076,1909f56bfc062723c751e8b465ee728b)  -> (artifact id: '7deb74ec81c37dad76346417d80d4072') in 0.010760 seconds 
  Import took 0.013222 seconds .

========================================================================
Received Import Request.
  Time since last request: 0.001241 seconds.
  path: Packages/com.unity.ide.rider/Rider/Editor/EditorPluginInterop.cs
  artifactKey: Guid(f9bd02a3a916be64c9b47b1305149423) Importer(815301076,1909f56bfc062723c751e8b465ee728b)
Start importing Packages/com.unity.ide.rider/Rider/Editor/EditorPluginInterop.cs using Guid(f9bd02a3a916be64c9b47b1305149423) Importer(815301076,1909f56bfc062723c751e8b465ee728b)  -> (artifact id: '7deb74ec81c37dad76346417d80d4072') in 0.002568 seconds 
  Import took 0.004758 seconds .

AssetImportWorkerClient::OnTransportError - code=2 error=End of file
